Customizing/apply_patches.php
Customizing/classes/class.ilPatchUtils.php
Customizing/classes/class.ilPermissionUtils.php
Customizing/classes/class.ilServerStatusCheck.php
Customizing/global/encodings/class.ilEncodingWi2.php
Customizing/global/plugins/Modules/TestQuestionPool/Questions/assStackQuestion/classes/stack/cas/casstring.class.php
Customizing/global/plugins/Modules/TestQuestionPool/Questions/assStackQuestion/classes/stack/cas/connector.class.php
Customizing/global/plugins/Modules/TestQuestionPool/Questions/assStackQuestion/classes/stack/cas/connector.dbcache.class.php
Customizing/global/plugins/Modules/TestQuestionPool/Questions/assStackQuestion/classes/stack/cas/connectorhelper.class.php
Customizing/global/plugins/Modules/TestQuestionPool/Questions/assStackQuestion/classes/stack/cas/installhelper.class.php
Customizing/global/plugins/Modules/TestQuestionPool/Questions/assStackQuestion/classes/stack/graphlayout/graph.php
Customizing/global/plugins/Modules/TestQuestionPool/Questions/assStackQuestion/classes/stack/graphlayout/svgrenderer.php
Customizing/global/plugins/Modules/TestQuestionPool/Questions/assStackQuestion/classes/stack/input/checkbox/checkbox.class.php
Customizing/global/plugins/Modules/TestQuestionPool/Questions/assStackQuestion/classes/stack/input/dropdown/dropdown.class.php
Customizing/global/plugins/Modules/TestQuestionPool/Questions/assStackQuestion/classes/stack/input/equiv/equiv.class.php
Customizing/global/plugins/Modules/TestQuestionPool/Questions/assStackQuestion/classes/stack/input/factory.class.php
Customizing/global/plugins/Modules/TestQuestionPool/Questions/assStackQuestion/classes/stack/input/inputbase.class.php
Customizing/global/plugins/Modules/TestQuestionPool/Questions/assStackQuestion/classes/stack/input/matrix/matrix.class.php
Customizing/global/plugins/Modules/TestQuestionPool/Questions/assStackQuestion/classes/stack/input/numerical/numerical.class.php
Customizing/global/plugins/Modules/TestQuestionPool/Questions/assStackQuestion/classes/stack/input/radio/radio.class.php
Customizing/global/plugins/Modules/TestQuestionPool/Questions/assStackQuestion/classes/stack/input/textarea/textarea.class.php
Customizing/global/plugins/Modules/TestQuestionPool/Questions/assStackQuestion/classes/stack/input/units/units.class.php
Customizing/global/plugins/Modules/TestQuestionPool/Questions/assStackQuestion/classes/stack/mathsoutput/fact_sheets.class.php
Customizing/global/plugins/Modules/TestQuestionPool/Questions/assStackQuestion/classes/stack/mathsoutput/mathsoutput.class.php
Customizing/global/plugins/Modules/TestQuestionPool/Questions/assStackQuestion/classes/stack/mathsoutput/mathsoutputbase.class.php
Customizing/global/plugins/Modules/TestQuestionPool/Questions/assStackQuestion/classes/stack/mathsoutput/mathsoutputfilterbase.class.php
Customizing/global/plugins/Modules/TestQuestionPool/Questions/assStackQuestion/classes/stack/mathsoutput/mathsoutputmathjax.class.php
Customizing/global/plugins/Modules/TestQuestionPool/Questions/assStackQuestion/classes/stack/options.class.php
Customizing/global/plugins/Modules/TestQuestionPool/Questions/assStackQuestion/classes/stack/utils.class.php
Customizing/global/plugins/Modules/TestQuestionPool/Questions/assStackQuestion/classes/utils/instant_validation.php
Customizing/global/plugins/Modules/TestQuestionPool/Questions/assStackQuestion/classes/utils/validation.php
Customizing/global/plugins/Modules/TestQuestionPool/Questions/assStackQuestion/lang/stack_de.php
Customizing/global/plugins/Modules/TestQuestionPool/Questions/assStackQuestion/lang/stack_en.php
Customizing/global/plugins/Services/Repository/RepositoryObject/ExternalContent/callback.php
Customizing/global/plugins/Services/Repository/RepositoryObject/ExternalContent/result.php
Customizing/patches/class.ilCleanupPatches.php
Customizing/patches/class.ilPermissionPatches43.php
Customizing/patches/class.ilPermissionPatches44.php
Customizing/patches/class.ilPermissionPatches50.php
Customizing/patches/class.ilPermissionPatches51.php
Customizing/patches/class.ilPermissionPatches54.php
Customizing/patches/class.ilSpecificPatches.php
Customizing/patches/class.ilUnivisPatches.php
Customizing/Vhb/classes/class.ilVhbAdmin.php
goto.php
Modules/Category/classes/class.ilObjCategoryGUI.php
Modules/Chatroom/classes/class.ilObjChatroom.php
Modules/Course/classes/class.ilCourseConstants.php
Modules/Course/classes/class.ilCourseMembershipMailNotification.php
Modules/Course/classes/class.ilCourseParticipant.php
Modules/Course/classes/class.ilCourseParticipants.php
Modules/Course/classes/class.ilCourseRegistrationGUI.php
Modules/Course/classes/class.ilObjCourse.php
Modules/Course/classes/class.ilObjCourseAccess.php
Modules/Course/classes/class.ilObjCourseGUI.php
Modules/Course/classes/class.ilObjCourseListGUI.php
Modules/Exercise/classes/class.ilExAssignmentGUI.php
Modules/Exercise/classes/class.ilExerciseMembers.php
Modules/Exercise/classes/class.ilExSubmissionBaseGUI.php
Modules/Group/classes/class.ilGroupParticipant.php
Modules/Group/classes/class.ilGroupRegistrationGUI.php
Modules/Group/classes/class.ilObjGroup.php
Modules/Group/classes/class.ilObjGroupAccess.php
Modules/Group/classes/class.ilObjGroupGUI.php
Modules/Group/classes/class.ilObjGroupListGUI.php
Modules/LearningModule/classes/class.ilContObjParser.php
Modules/Portfolio/classes/class.ilPortfolioTableGUI.php
Modules/Session/classes/class.ilEventParticipants.php
Modules/Session/classes/class.ilObjSession.php
Modules/Session/classes/class.ilObjSessionAccess.php
Modules/Session/classes/class.ilObjSessionListGUI.php
Modules/Session/classes/class.ilSessionOverviewTableGUI.php
Modules/Test/classes/class.assMarkSchema.php
Modules/Test/classes/class.ilObjTest.php
Modules/Test/classes/class.ilObjTestAccess.php
Modules/Test/classes/class.ilObjTestGUI.php
Modules/Test/classes/class.ilTestEvaluationGUI.php
Modules/Test/classes/class.ilTestExpressPageObjectGUI.php
Modules/Test/classes/class.ilTestPlayerAbstractGUI.php
Modules/Test/classes/class.ilTestScoringGUI.php
Modules/Test/classes/class.ilTestServiceGUI.php
Modules/Test/classes/tables/class.ilResultsByQuestionTableGUI.php
Modules/TestQuestionPool/classes/class.assMultipleChoice.php
Modules/TestQuestionPool/classes/class.assOrderingHorizontal.php
Modules/TestQuestionPool/classes/class.assQuestionGUI.php
Modules/TestQuestionPool/classes/class.assSingleChoice.php
Modules/TestQuestionPool/classes/class.ilAssQuestionPageGUI.php
Modules/TestQuestionPool/classes/class.ilObjQuestionPoolGUI.php
Modules/TestQuestionPool/classes/import/qti12/class.assMultipleChoiceImport.php
Modules/TestQuestionPool/classes/import/qti12/class.assSingleChoiceImport.php
Modules/TestQuestionPool/classes/tables/class.ilQuestionPoolPrintViewTableGUI.php
Modules/WorkspaceFolder/classes/class.ilObjWorkspaceFolderTableGUI.php
repository.php
Services/AccessControl/classes/class.ilAssignedUsersTableGUI.php
Services/AccessControl/classes/class.ilObjectRolePermissionTableGUI.php
Services/AccessControl/classes/class.ilObjectRoleTemplatePermissionTableGUI.php
Services/AccessControl/classes/class.ilRbacAdmin.php
Services/AccessControl/classes/class.ilRbacReview.php
Services/Administration/classes/class.ilSetting.php
Services/Authentication/classes/class.ilSession.php
Services/Container/classes/class.ilContainerGUI.php
Services/COPage/classes/class.ilPCMediaObjectGUI.php
Services/Evaluation/classes/class.ilEvaluationData.php
Services/InfoScreen/classes/class.ilInfoScreenGUI.php
Services/Init/classes/class.ilIniFile.php
Services/Init/classes/class.ilStartUpGUI.php
Services/jQuery/classes/class.iljQueryUtil.php
Services/Logging/classes/class.ilLog.php
Services/Mail/classes/class.ilMailNotification.php
Services/MediaObjects/classes/class.ilLimitedMediaPlayerGUI.php
Services/MediaObjects/classes/class.ilLimitedMediaPlayerUsage.php
Services/MediaObjects/classes/class.ilPlayerUtil.php
Services/MediaObjects/limited_player.php
Services/Membership/classes/class.ilAttendanceList.php
Services/Membership/classes/class.ilMemberAgreement.php
Services/Membership/classes/class.ilMembershipGUI.php
Services/Membership/classes/class.ilParticipant.php
Services/Membership/classes/class.ilParticipants.php
Services/Membership/classes/class.ilRegistrationGUI.php
Services/Membership/classes/class.ilWaitingList.php
Services/Membership/classes/class.ilWaitingListTableGUI.php
Services/Membership/classes/Export/class.ilMemberExport.php
Services/Membership/classes/Export/class.ilMemberExportGUI.php
Services/Object/classes/class.ilObject.php
Services/Object/classes/class.ilObject2GUI.php
Services/Object/classes/class.ilObjectGUI.php
Services/Object/classes/class.ilObjectListGUI.php
Services/PrivacySecurity/classes/class.ilExportFieldsInfo.php
Services/PrivacySecurity/classes/class.ilObjPrivacySecurityGUI.php
Services/PrivacySecurity/classes/class.ilPrivacySettings.php
Services/QTI/classes/class.ilQTIParser.php
Services/Repository/classes/class.ilRepUtil.php
Services/Search/classes/class.ilRepositorySearchGUI.php
Services/StudyData/classes/class.ilStudyExportRequestGUI.php
Services/Table/classes/class.ilTable2GUI.php
Services/Tracking/classes/class.ilLPMarks.php
Services/Tracking/classes/class.ilLPTableBaseGUI.php
Services/Tree/classes/class.ilTree.php
Services/UIComponent/Tabs/classes/class.ilTabsGUI.php
Services/UICore/classes/class.ilTemplate.php
Services/UnivIS/classes/class.ilUnivis.php
Services/UnivIS/classes/class.ilUnivisData.php
Services/UnivIS/classes/class.ilUnivisDepartment.php
Services/UnivIS/classes/class.ilUnivisImport.php
Services/UnivIS/classes/class.ilUnivisImportActionsGUI.php
Services/UnivIS/classes/class.ilUnivisImportLecturesGUI.php
Services/UnivIS/classes/class.ilUnivisImportLecturesTableGUI.php
Services/UnivIS/classes/class.ilUnivisLecture.php
Services/UnivIS/classes/class.ilUnivisLocation.php
Services/UnivIS/classes/class.ilUnivisOfficehour.php
Services/UnivIS/classes/class.ilUnivisPerson.php
Services/UnivIS/classes/class.ilUnivisRequest.php
Services/UnivIS/classes/class.ilUnivisRoom.php
Services/UnivIS/classes/class.ilUnivisStudy.php
Services/UnivIS/classes/class.ilUnivisTerm.php
Services/UnivIS/parser/class.univis2mysql.php
Services/UnivIS/parser/inc.univisdebug.php
Services/UnivIS/parser/models/model.php
Services/UnivIS/parser/models/person_model.php
Services/UnivIS/parser/parsers/class.univisparser.php
Services/UnivIS/parser/sql/class.univistablemanager.php
Services/User/classes/class.ilObjUser.php
Services/User/classes/class.ilObjUserFolderGUI.php
Services/User/classes/class.ilPersonalProfileGUI.php
Services/User/classes/class.ilPublicUserProfileGUI.php
Services/User/classes/class.ilUserProfile.php
Services/User/classes/class.ilUserUtil.php
Services/Utilities/classes/class.ilSessionValues.php
Services/Utilities/classes/class.ilUtil.php
Services/Wizard/classes/class.ilWizardGUI.php
setup/sql/dbupdate_custom.php
univis.php
webservice/soap/classes/class.ilNusoapUserAdministrationAdapter.php
webservice/soap/classes/class.ilSoapStudOnAdministration.php
webservice/soap/include/inc.soap_functions.php
