error.php
feed.php
goto.php
include/inc.debug.php
include/inc.ilias_version.php
include/inc.log_request.php
include/inc.xsl5compliance.php
Modules/Blog/classes/class.ilObjBlogGUI.php
Modules/BookingManager/classes/class.ilBookingReservationsTableGUI.php
Modules/BookingManager/classes/class.ilObjBookingPool.php
Modules/BookingManager/classes/class.ilObjBookingPoolGUI.php
Modules/Category/classes/class.ilObjCategoryGUI.php
Modules/Chatroom/classes/class.ilObjChatroom.php
Modules/ContentPage/classes/class.ilContentPageKioskModeView.php
Modules/ContentPage/classes/class.ilContentPagePageCommandForwarder.php
Modules/ContentPage/classes/class.ilObjContentPageGUI.php
Modules/Course/classes/class.ilCourseConstants.php
Modules/Course/classes/class.ilCourseFile.php
Modules/Course/classes/class.ilCourseGroupingTableGUI.php
Modules/Course/classes/class.ilCourseMembershipGUI.php
Modules/Course/classes/class.ilCourseMembershipMailNotification.php
Modules/Course/classes/class.ilCourseObjectivesGUI.php
Modules/Course/classes/class.ilCourseParticipant.php
Modules/Course/classes/class.ilCourseParticipants.php
Modules/Course/classes/class.ilCourseParticipantsTableGUI.php
Modules/Course/classes/class.ilCourseRegistrationGUI.php
Modules/Course/classes/class.ilCourseWaitingList.php
Modules/Course/classes/class.ilObjCourse.php
Modules/Course/classes/class.ilObjCourseAccess.php
Modules/Course/classes/class.ilObjCourseGrouping.php
Modules/Course/classes/class.ilObjCourseGroupingGUI.php
Modules/Course/classes/class.ilObjCourseGUI.php
Modules/Course/classes/class.ilObjCourseListGUI.php
Modules/Course/classes/Export/class.ilCourseDefinedFieldDefinition.php
Modules/Course/classes/Export/class.ilCourseUserData.php
Modules/Course/classes/Objectives/class.ilLOEditorGUI.php
Modules/Course/classes/Objectives/class.ilLOTestAssignmentTableGUI.php
Modules/Course/classes/Objectives/class.ilLOUtils.php
Modules/DataCollection/classes/Content/class.ilDclContentImporter.php
Modules/DataCollection/classes/DetailedView/class.ilDclDetailedViewDefinitionGUI.php
Modules/DataCollection/classes/DetailedView/class.ilDclDetailedViewGUI.php
Modules/DataCollection/classes/Fields/Reference/class.ilDclReferenceFieldModel.php
Modules/Exercise/classes/class.ilAssignmentsTableGUI.php
Modules/Exercise/classes/class.ilExAssignment.php
Modules/Exercise/classes/class.ilExAssignmentEditorGUI.php
Modules/Exercise/classes/class.ilExAssignmentGUI.php
Modules/Exercise/classes/class.ilExCalculate.php
Modules/Exercise/classes/class.ilExCalculateGUI.php
Modules/Exercise/classes/class.ilExerciseDataSet.php
Modules/Exercise/classes/class.ilExerciseManagementGUI.php
Modules/Exercise/classes/class.ilExerciseMembers.php
Modules/Exercise/classes/class.ilExerciseSubmissionTableGUI.php
Modules/Exercise/classes/class.ilExGradesTableGUI.php
Modules/Exercise/classes/class.ilExSubmission.php
Modules/Exercise/classes/class.ilExSubmissionBaseGUI.php
Modules/Exercise/classes/class.ilObjExercise.php
Modules/Exercise/classes/class.ilObjExerciseGUI.php
Modules/ExternalFeed/classes/class.ilObjExternalFeedGUI.php
Modules/File/classes/class.ilObjFile.php
Modules/File/classes/Versions/class.ilFileVersionsTableGUI.php
Modules/Forum/classes/class.ilForumExportGUI.php
Modules/Forum/classes/class.ilForumMailNotification.php
Modules/Forum/classes/class.ilObjForum.php
Modules/Glossary/classes/class.ilGlossaryPresentationGUI.php
Modules/Glossary/classes/class.ilGlossaryTermGUI.php
Modules/Glossary/classes/class.ilObjGlossary.php
Modules/Glossary/classes/class.ilObjGlossaryGUI.php
Modules/Glossary/classes/class.ilTermDefinitionEditorGUI.php
Modules/Group/classes/class.ilGroupMembershipMailNotification.php
Modules/Group/classes/class.ilGroupParticipant.php
Modules/Group/classes/class.ilGroupParticipants.php
Modules/Group/classes/class.ilGroupParticipantsTableGUI.php
Modules/Group/classes/class.ilGroupRegistrationGUI.php
Modules/Group/classes/class.ilGroupWaitingList.php
Modules/Group/classes/class.ilObjGroup.php
Modules/Group/classes/class.ilObjGroupAccess.php
Modules/Group/classes/class.ilObjGroupGUI.php
Modules/Group/classes/class.ilObjGroupListGUI.php
Modules/LearningModule/classes/class.ilContObjParser.php
Modules/LearningModule/classes/class.ilLMContObjectManifestBuilder.php
Modules/LearningModule/classes/class.ilLMEditorGUI.php
Modules/LearningModule/classes/class.ilLMPageObject.php
Modules/LearningModule/classes/class.ilLMPageObjectGUI.php
Modules/LearningModule/classes/class.ilLMPresentationGUI.php
Modules/LearningModule/classes/class.ilLMQuestionListTableGUI.php
Modules/LearningModule/classes/class.ilLMQuestionUserDetailsTableGUI.php
Modules/LearningModule/classes/class.ilLMQuestionUsersTableGUI.php
Modules/LearningModule/classes/class.ilLMTracker.php
Modules/LearningModule/classes/class.ilObjContentObject.php
Modules/LearningModule/classes/class.ilObjContentObjectGUI.php
Modules/MediaPool/classes/class.ilObjMediaPoolGUI.php
Modules/Portfolio/classes/class.ilObjPortfolioBaseGUI.php
Modules/Portfolio/classes/class.ilObjPortfolioGUI.php
Modules/Portfolio/classes/class.ilPortfolioTableGUI.php
Modules/RootFolder/classes/class.ilObjRootFolderGUI.php
Modules/Scorm2004/classes/class.ilContObjectManifestBuilder.php
Modules/Scorm2004/classes/class.ilObjSCORM2004LearningModuleGUI.php
Modules/Scorm2004/classes/class.ilQuestionExporter.php
Modules/Scorm2004/classes/class.ilSCORM2004NodeGUI.php
Modules/Scorm2004/classes/class.ilSCORM2004PageNodeGUI.php
Modules/Scorm2004/classes/class.ilSCORM2004ScoGUI.php
Modules/Scorm2004/classes/class.ilScormExportUtil.php
Modules/Session/classes/class.ilEventParticipants.php
Modules/Session/classes/class.ilObjSession.php
Modules/Session/classes/class.ilObjSessionAccess.php
Modules/Session/classes/class.ilObjSessionGUI.php
Modules/Session/classes/class.ilObjSessionListGUI.php
Modules/Session/classes/class.ilSessionMembershipGUI.php
Modules/Session/classes/class.ilSessionOverviewGUI.php
Modules/Session/classes/class.ilSessionOverviewTableGUI.php
Modules/Session/classes/class.ilSessionWaitingList.php
Modules/Survey/classes/class.ilObjSurvey.php
Modules/Survey/classes/class.ilObjSurveyGUI.php
Modules/Survey/classes/class.ilSurveyExecutionGUI.php
Modules/Survey/classes/class.ilSurveyParticipantsGUI.php
Modules/Survey/classes/class.ilSurveyQuestionTableGUI.php
Modules/SurveyQuestionPool/classes/class.ilObjSurveyQuestionPoolGUI.php
Modules/SystemFolder/classes/class.ilBenchmarkTableGUI.php
Modules/SystemFolder/classes/class.ilObjSystemFolderGUI.php
Modules/Test/classes/class.assMarkSchema.php
Modules/Test/classes/class.ilAssQuestionPageCommandForwarder.php
Modules/Test/classes/class.ilObjTest.php
Modules/Test/classes/class.ilObjTestAccess.php
Modules/Test/classes/class.ilObjTestGUI.php
Modules/Test/classes/class.ilObjTestSettingsScoringResultsGUI.php
Modules/Test/classes/class.ilObjTestXMLParser.php
Modules/Test/classes/class.ilParticipantsTestResultsGUI.php
Modules/Test/classes/class.ilTestCorrectionsGUI.php
Modules/Test/classes/class.ilTestEvaluationGUI.php
Modules/Test/classes/class.ilTestExportGUI.php
Modules/Test/classes/class.ilTestExportRandomQuestionSet.php
Modules/Test/classes/class.ilTestExpressPageObjectGUI.php
Modules/Test/classes/class.ilTestGradingMessageBuilder.php
Modules/Test/classes/class.ilTestImporter.php
Modules/Test/classes/class.ilTestMyCampusGUI.php
Modules/Test/classes/class.ilTestMyCampusTools.php
Modules/Test/classes/class.ilTestOutputGUI.php
Modules/Test/classes/class.ilTestParticipantList.php
Modules/Test/classes/class.ilTestParticipantsTimeExtensionGUI.php
Modules/Test/classes/class.ilTestPasswordChecker.php
Modules/Test/classes/class.ilTestPlayerAbstractGUI.php
Modules/Test/classes/class.ilTestPlayerCommands.php
Modules/Test/classes/class.ilTestPlayerDynamicQuestionSetGUI.php
Modules/Test/classes/class.ilTestPlayerNavButton.php
Modules/Test/classes/class.ilTestQuestionHeaderBlockBuilder.php
Modules/Test/classes/class.ilTestQuestionNavigationGUI.php
Modules/Test/classes/class.ilTestQuestionSideListGUI.php
Modules/Test/classes/class.ilTestRandomQuestionSetBuilder.php
Modules/Test/classes/class.ilTestRandomQuestionSetBuilderWithAmountPerPool.php
Modules/Test/classes/class.ilTestRandomQuestionSetConfig.php
Modules/Test/classes/class.ilTestRandomQuestionSetConfigGUI.php
Modules/Test/classes/class.ilTestRandomQuestionSetConfigStateMessageHandler.php
Modules/Test/classes/class.ilTestRandomQuestionSetSourcePoolDefinition.php
Modules/Test/classes/class.ilTestRandomQuestionSetSourcePoolDefinitionList.php
Modules/Test/classes/class.ilTestRandomQuestionSetStagingPoolBuilder.php
Modules/Test/classes/class.ilTestRandomQuestionSetStagingPoolQuestionList.php
Modules/Test/classes/class.ilTestScoring.php
Modules/Test/classes/class.ilTestScoringByQuestionsGUI.php
Modules/Test/classes/class.ilTestScoringGUI.php
Modules/Test/classes/class.ilTestService.php
Modules/Test/classes/class.ilTestServiceGUI.php
Modules/Test/classes/class.ilTestSubmissionReviewGUI.php
Modules/Test/classes/class.ilTestTaxonomyFilterLabelTranslater.php
Modules/Test/classes/forms/class.ilTestRandomQuestionSetPoolDefinitionFormGUI.php
Modules/Test/classes/tables/class.ilParticipantsTestResultsTableGUI.php
Modules/Test/classes/tables/class.ilResultsByQuestionTableGUI.php
Modules/Test/classes/tables/class.ilTestAverageReachedPointsTableGUI.php
Modules/Test/classes/tables/class.ilTestParticipantsTableGUI.php
Modules/Test/classes/tables/class.ilTestPassOverviewTableGUI.php
Modules/Test/classes/tables/class.ilTestQuestionBrowserTableGUI.php
Modules/Test/classes/tables/class.ilTestRandomQuestionSetSourcePoolDefinitionListTableGUI.php
Modules/Test/classes/toolbars/class.ilTestRandomQuestionSetSourcePoolDefinitionListToolbarGUI.php
Modules/TestQuestionPool/classes/class.assAnswerCloze.php
Modules/TestQuestionPool/classes/class.assClozeTest.php
Modules/TestQuestionPool/classes/class.assClozeTestGUI.php
Modules/TestQuestionPool/classes/class.assFileUpload.php
Modules/TestQuestionPool/classes/class.assFlashQuestion.php
Modules/TestQuestionPool/classes/class.assFormulaQuestion.php
Modules/TestQuestionPool/classes/class.assFormulaQuestionGUI.php
Modules/TestQuestionPool/classes/class.assFormulaQuestionResult.php
Modules/TestQuestionPool/classes/class.assJavaApplet.php
Modules/TestQuestionPool/classes/class.assKprimChoiceGUI.php
Modules/TestQuestionPool/classes/class.assLongMenu.php
Modules/TestQuestionPool/classes/class.assLongMenuGUI.php
Modules/TestQuestionPool/classes/class.assMatchingQuestion.php
Modules/TestQuestionPool/classes/class.assMatchingQuestionGUI.php
Modules/TestQuestionPool/classes/class.assMultipleChoice.php
Modules/TestQuestionPool/classes/class.assMultipleChoiceGUI.php
Modules/TestQuestionPool/classes/class.assNumeric.php
Modules/TestQuestionPool/classes/class.assOrderingHorizontal.php
Modules/TestQuestionPool/classes/class.assOrderingQuestion.php
Modules/TestQuestionPool/classes/class.assOrderingQuestionGUI.php
Modules/TestQuestionPool/classes/class.assQuestion.php
Modules/TestQuestionPool/classes/class.assQuestionGUI.php
Modules/TestQuestionPool/classes/class.assSingleChoice.php
Modules/TestQuestionPool/classes/class.assSingleChoiceGUI.php
Modules/TestQuestionPool/classes/class.assTextQuestionGUI.php
Modules/TestQuestionPool/classes/class.ilAssHtmlPurifier.php
Modules/TestQuestionPool/classes/class.ilAssIncompleteQuestionPurger.php
Modules/TestQuestionPool/classes/class.ilAssQuestionFeedbackEditingGUI.php
Modules/TestQuestionPool/classes/class.ilAssQuestionHintsGUI.php
Modules/TestQuestionPool/classes/class.ilAssQuestionPageGUI.php
Modules/TestQuestionPool/classes/class.ilAssQuestionPreviewGUI.php
Modules/TestQuestionPool/classes/class.ilAssQuestionUserSolutionAdopter.php
Modules/TestQuestionPool/classes/class.ilObjQuestionPool.php
Modules/TestQuestionPool/classes/class.ilObjQuestionPoolGUI.php
Modules/TestQuestionPool/classes/class.ilTestQuestionConfig.php
Modules/TestQuestionPool/classes/export/qti12/class.assMatchingQuestionExport.php
Modules/TestQuestionPool/classes/Form/class.ilClozeGapInputBuilderGUI.php
Modules/TestQuestionPool/classes/forms/class.ilAssNestedOrderingElementsInputGUI.php
Modules/TestQuestionPool/classes/import/qti12/class.assMultipleChoiceImport.php
Modules/TestQuestionPool/classes/import/qti12/class.assSingleChoiceImport.php
Modules/TestQuestionPool/classes/questions/class.ilAssSelfAssessmentQuestionFormatter.php
Modules/TestQuestionPool/classes/tables/class.ilQuestionPoolPrintViewTableGUI.php
Modules/WebResource/classes/class.ilObjLinkResourceGUI.php
Modules/Wiki/classes/class.ilObjWikiGUI.php
Modules/Wiki/classes/class.ilWikiPageGUI.php
Modules/WorkspaceFolder/classes/class.ilObjWorkspaceFolderTableGUI.php
privfeed.php
repository.php
saml_login.php
saml_logout.php
Services/AccessControl/classes/class.ilAssignedUsersTableGUI.php
Services/AccessControl/classes/class.ilObjectRolePermissionTableGUI.php
Services/AccessControl/classes/class.ilObjectRoleTemplatePermissionTableGUI.php
Services/AccessControl/classes/class.ilObjRoleFolderGUI.php
Services/AccessControl/classes/class.ilRbacAdmin.php
Services/AccessControl/classes/class.ilRbacLog.php
Services/AccessControl/classes/class.ilRbacReview.php
Services/AccessControl/classes/class.ilRbacSystem.php
Services/Administration/classes/class.ilSetting.php
Services/AdvancedEditing/classes/class.ilObjAdvancedEditing.php
Services/Authentication/classes/class.ilAuthUtils.php
Services/Authentication/classes/class.ilSession.php
Services/Authentication/classes/Frontend/class.ilAuthFrontend.php
Services/Authentication/classes/Provider/class.ilAuthProviderDatabase.php
Services/Authentication/classes/Provider/class.ilAuthProviderFactory.php
Services/Bookmarks/classes/class.ilBookmarkDataSet.php
Services/Calendar/classes/AppointmentPresentation/class.ilAppointmentPresentationBookingPoolGUI.php
Services/Calendar/classes/class.ilCalendarCategories.php
Services/Calendar/classes/class.ilCalendarDataSet.php
Services/Calendar/classes/Export/class.ilCalendarExport.php
Services/Certificate/classes/Gui/class.ilCertificateGUIFactory.php
Services/Certificate/classes/Placeholder/Description/class.ilCoursePlaceholderDescription.php
Services/Certificate/classes/Placeholder/Values/class.ilCoursePlaceholderValues.php
Services/Conditions/classes/class.ilConditionHandler.php
Services/Contact/classes/class.ilMailMemberCourseRoles.php
Services/Contact/classes/class.ilMailMemberGroupRoles.php
Services/Contact/classes/class.ilMailMemberSearchGUI.php
Services/Container/classes/class.ilContainer.php
Services/Container/classes/class.ilContainerByTypeContentGUI.php
Services/Container/classes/class.ilContainerGUI.php
Services/Container/classes/class.ilContainerStartObjectsContentGUI.php
Services/Container/classes/class.ilContainerStartObjectsGUI.php
Services/ContainerReference/classes/class.ilContainerReferenceGUI.php
Services/Context/classes/class.ilContext.php
Services/COPage/classes/class.ilPageObjectGUI.php
Services/COPage/classes/class.ilPageQuestionProcessor.php
Services/COPage/classes/class.ilPCMediaObjectGUI.php
Services/COPage/classes/class.ilPCPlugged.php
Services/CopyWizard/classes/class.ilCopyWizardOptions.php
Services/Database/classes/class.ilDBUpdate.php
Services/Database/classes/PDO/class.ilDBPdo.php
Services/Database/classes/PDO/class.ilDBPdoMySQL.php
Services/DidacticTemplate/classes/class.ilDidacticTemplateLocalRoleAction.php
Services/Evaluation/classes/class.ilEvaluationData.php
Services/Feeds/classes/class.ilUserFeedWriter.php
Services/Form/classes/class.ilCheckboxInputGUI.php
Services/Form/classes/class.ilImageFileInputGUI.php
Services/GlobalScreen/classes/class.ilGSProviderStorage.php
Services/Help/classes/class.ilHelp.php
Services/Help/classes/class.ilHelpGlobalScreenProvider.php
Services/Http/classes/class.ilHTTPS.php
Services/Idm/classes/class.ilDBIdm.php
Services/Idm/classes/class.ilIdmData.php
Services/InfoScreen/classes/class.ilInfoScreenGUI.php
Services/Init/classes/class.ilCustomLoginGUI.php
Services/Init/classes/class.ilErrorHandling.php
Services/Init/classes/class.ilIniFile.php
Services/Init/classes/class.ilInitialisation.php
Services/Init/classes/class.ilStartUpGUI.php
Services/jQuery/classes/class.iljQueryUtil.php
Services/Language/classes/class.ilObjLanguageAccess.php
Services/Link/classes/class.ilLink.php
Services/LinkChecker/classes/class.ilLinkChecker.php
Services/LinkChecker/classes/class.ilLinkCheckerTableGUI.php
Services/Locator/classes/class.ilLocatorGUI.php
Services/Logging/classes/class.ilLog.php
Services/Logging/classes/error/class.ilLoggingErrorFileStorage.php
Services/Mail/classes/class.ilMail.php
Services/Mail/classes/class.ilMailFormGUI.php
Services/Mail/classes/class.ilMailNotification.php
Services/Mail/classes/class.ilMailTemplateContext.php
Services/MainMenu/classes/class.ilMainMenuGUI.php
Services/MainMenu/classes/Renderer/class.ilMMTopParentItemRenderer.php
Services/Math/classes/class.EvalMath.php
Services/MathJax/classes/class.ilMathJax.php
Services/MediaObjects/classes/class.ilLimitedMediaPlayerGUI.php
Services/MediaObjects/classes/class.ilLimitedMediaPlayerUsage.php
Services/MediaObjects/classes/class.ilPlayerUtil.php
Services/MediaObjects/limited_player.php
Services/Membership/classes/class.ilAttendanceList.php
Services/Membership/classes/class.ilMemberAgreement.php
Services/Membership/classes/class.ilMemberAgreementGUI.php
Services/Membership/classes/class.ilMembershipCronFairAutoFill.php
Services/Membership/classes/class.ilMembershipGUI.php
Services/Membership/classes/class.ilMembershipRegistrationSettings.php
Services/Membership/classes/class.ilMembershipRegistrationSettingsGUI.php
Services/Membership/classes/class.ilObjectCustomUserFieldsGUI.php
Services/Membership/classes/class.ilObjectCustomUserFieldsTableGUI.php
Services/Membership/classes/class.ilParticipant.php
Services/Membership/classes/class.ilParticipants.php
Services/Membership/classes/class.ilRegistrationGUI.php
Services/Membership/classes/class.ilRegistrationPeriodLimiterGUI.php
Services/Membership/classes/class.ilSubscriberTableGUI.php
Services/Membership/classes/class.ilWaitingList.php
Services/Membership/classes/class.ilWaitingListTableGUI.php
Services/Membership/classes/Export/class.ilMemberExport.php
Services/Membership/classes/Export/class.ilMemberExportGUI.php
Services/MyCampus/classes/class.ilMyCampusClient.php
Services/MyCampus/classes/class.ilMyCampusCron.php
Services/MyCampus/classes/class.ilMyCampusSynchronisation.php
Services/News/classes/class.ilNewsForContextBlockGUI.php
Services/News/classes/class.ilNewsItem.php
Services/News/classes/class.ilPDNewsBlockGUI.php
Services/Notes/classes/class.ilNotesDataSet.php
Services/Object/classes/class.ilObject.php
Services/Object/classes/class.ilObject2GUI.php
Services/Object/classes/class.ilObjectCopyGUI.php
Services/Object/classes/class.ilObjectCopySelectionTableGUI.php
Services/Object/classes/class.ilObjectDefinition.php
Services/Object/classes/class.ilObjectGUI.php
Services/Object/classes/class.ilObjectListGUI.php
Services/Object/Icon/classes/class.ilObjectCustomIconImpl.php
Services/PermanentLink/classes/class.ilPermanentLinkGUI.php
Services/PersonalDesktop/Achievements/classes/class.ilAchievementsGUI.php
Services/PersonalDesktop/classes/class.ilPDGlobalScreenProvider.php
Services/PersonalDesktop/ItemsBlock/classes/class.ilPDSelectedItemsBlockSelectedItemsViewGUI.php
Services/PersonalDesktop/ItemsBlock/classes/class.ilPDSelectedItemsBlockViewGUI.php
Services/PersonalWorkspace/classes/class.ilWorkspaceAccessGUI.php
Services/PrivacySecurity/classes/class.ilExportFieldsInfo.php
Services/PrivacySecurity/classes/class.ilObjPrivacySecurityGUI.php
Services/PrivacySecurity/classes/class.ilPrivacySettings.php
Services/QTI/classes/class.ilQtiMatImageSecurity.php
Services/QTI/classes/class.ilQTIParser.php
Services/Radius/classes/class.ilRadiusSettings.php
Services/Registration/classes/class.ilAccountRegistrationGUI.php
Services/Registration/classes/class.ilRegistrationCode.php
Services/Registration/classes/class.ilRegistrationCodesTableGUI.php
Services/Registration/classes/class.ilRegistrationMimeMailNotification.php
Services/Registration/classes/class.ilRegistrationSettings.php
Services/Registration/classes/class.ilRegistrationSettingsGUI.php
Services/RelativeLink/classes/class.ilRelativeLink.php
Services/RelativeLink/classes/class.ilRelativeLinkGUI.php
Services/Repository/classes/class.ilRepositoryGlobalScreenProvider.php
Services/Repository/classes/class.ilRepositorySelectorExplorerGUI.php
Services/Repository/classes/class.ilRepUtil.php
Services/Repository/classes/class.ilTestQuestionPoolSelectorExplorer.php
Services/RTE/classes/class.ilTinyMCE.php
Services/Saml/classes/class.ilAuthProviderSamlStudOn.php
Services/Search/classes/class.ilRepositorySearchGUI.php
Services/Search/classes/class.ilSearchAutoComplete.php
Services/Search/classes/List/class.ilListMatriculationSearch.php
Services/StudyData/classes/abstract/class.ilStudyCond.php
Services/StudyData/classes/abstract/class.ilStudyData.php
Services/StudyData/classes/abstract/class.ilStudyOption.php
Services/StudyData/classes/class.ilStudyAccess.php
Services/StudyData/classes/class.ilStudyCondGUI.php
Services/StudyData/classes/class.ilStudyCourseCond.php
Services/StudyData/classes/class.ilStudyCourseCondTableGUI.php
Services/StudyData/classes/class.ilStudyCourseData.php
Services/StudyData/classes/class.ilStudyCourseSubject.php
Services/StudyData/classes/class.ilStudyDataGUI.php
Services/StudyData/classes/class.ilStudyDocCond.php
Services/StudyData/classes/class.ilStudyDocCondTableGUI.php
Services/StudyData/classes/class.ilStudyDocData.php
Services/StudyData/classes/class.ilStudyExportRequestGUI.php
Services/StudyData/classes/class.ilStudyOptionDegree.php
Services/StudyData/classes/class.ilStudyOptionDocProgram.php
Services/StudyData/classes/class.ilStudyOptionSchool.php
Services/StudyData/classes/class.ilStudyOptionSubject.php
Services/StudyData/classes/class.ilStudyOptionsUpdateCron.php
Services/Style/classes/class.ilStyleDataSet.php
Services/Style/Content/classes/class.ilObjStyleSheet.php
Services/Style/Content/classes/class.ilObjStyleSheetGUI.php
Services/Style/Content/classes/class.ilStyleImportParser.php
Services/Table/classes/class.ilTable2GUI.php
Services/Taxonomy/classes/class.ilObjTaxonomyGUI.php
Services/Taxonomy/classes/class.ilTaxonomyDataSet.php
Services/Taxonomy/classes/class.ilTaxonomyExplorerGUI.php
Services/Taxonomy/classes/class.ilTaxonomyNode.php
Services/Taxonomy/classes/class.ilTaxonomyTableGUI.php
Services/Taxonomy/classes/class.ilTaxSelectInputGUI.php
Services/Tracking/classes/class.ilLearningProgressBaseGUI.php
Services/Tracking/classes/class.ilLPMarks.php
Services/Tracking/classes/class.ilLPObjSettings.php
Services/Tracking/classes/class.ilLPStatus.php
Services/Tracking/classes/class.ilLPTableBaseGUI.php
Services/Tracking/classes/class.ilTrQuery.php
Services/Tracking/classes/repository_statistics/class.ilLPListOfSettingsGUI.php
Services/Tracking/classes/repository_statistics/class.ilTrObjectUsersPropsTableGUI.php
Services/Tracking/classes/status/class.ilLPStatusQuestions.php
Services/Tree/classes/class.ilMaterializedPathTree.php
Services/Tree/classes/class.ilNestedSetTree.php
Services/Tree/classes/class.ilTree.php
Services/UIComponent/AdvancedSelectionList/classes/class.ilAdvancedSelectionListGUI.php
Services/UIComponent/CharSelector/classes/class.ilCharSelectorGUI.php
Services/UIComponent/Tabs/classes/class.ilTabsGUI.php
Services/UICore/classes/class.ilCtrl.php
Services/UICore/classes/class.ilTemplate.php
Services/UnivIS/classes/class.ilUnivis.php
Services/UnivIS/classes/class.ilUnivisData.php
Services/UnivIS/classes/class.ilUnivisDepartment.php
Services/UnivIS/classes/class.ilUnivisImport.php
Services/UnivIS/classes/class.ilUnivisImportActionsGUI.php
Services/UnivIS/classes/class.ilUnivisImportLecturesGUI.php
Services/UnivIS/classes/class.ilUnivisImportLecturesTableGUI.php
Services/UnivIS/classes/class.ilUnivisLecture.php
Services/UnivIS/classes/class.ilUnivisLocation.php
Services/UnivIS/classes/class.ilUnivisOfficehour.php
Services/UnivIS/classes/class.ilUnivisPerson.php
Services/UnivIS/classes/class.ilUnivisRequest.php
Services/UnivIS/classes/class.ilUnivisRoom.php
Services/UnivIS/classes/class.ilUnivisStudy.php
Services/UnivIS/classes/class.ilUnivisTerm.php
Services/UnivIS/parser/class.univis2mysql.php
Services/UnivIS/parser/inc.univisdebug.php
Services/UnivIS/parser/models/model.php
Services/UnivIS/parser/models/person_model.php
Services/UnivIS/parser/parsers/class.univisparser.php
Services/UnivIS/parser/sql/class.univistablemanager.php
Services/User/Actions/classes/class.ilUserActionAdmin.php
Services/User/Actions/classes/class.ilUserActionCollector.php
Services/User/classes/class.ilObjUser.php
Services/User/classes/class.ilObjUserFolderGUI.php
Services/User/classes/class.ilObjUserGUI.php
Services/User/classes/class.ilPersonalProfileGUI.php
Services/User/classes/class.ilPersonalSettingsGUI.php
Services/User/classes/class.ilPublicUserProfileGUI.php
Services/User/classes/class.ilUserAutoComplete.php
Services/User/classes/class.ilUserPasswordManager.php
Services/User/classes/class.ilUserProfile.php
Services/User/classes/class.ilUserQuery.php
Services/User/classes/class.ilUserUtil.php
Services/Utilities/classes/class.ilBenchmark.php
Services/Utilities/classes/class.ilSessionValues.php
Services/Utilities/classes/class.ilStr.php
Services/Utilities/classes/class.ilUtil.php
Services/WebServices/SOAP/classes/class.ilRemoteIliasClient.php
Services/WebServices/SOAP/classes/class.ilSoapClient.php
Services/Wizard/classes/class.ilWizardGUI.php
setup/classes/class.ilClient.php
setup/classes/class.ilClientList.php
setup/classes/class.ilSetup.php
setup/include/inc.setup_header.php
setup/setup.php
setup/sql/dbupdate_custom.php
univis.php
webservice/soap/classes/class.ilNusoapUserAdministrationAdapter.php
webservice/soap/classes/class.ilSoapAdministration.php
webservice/soap/classes/class.ilSoapStudOnAdministration.php
webservice/soap/classes/class.ilSoapUtils.php
webservice/soap/include/inc.soap_functions.php
webservice/soap/lib/nusoap.php
webservice/soap/server.php
